[ 2017-02-05T20:52:40+08:00 ] ::1 /index.php/__HOME__/style/index.css
INFO: [ app_init ] --START--
INFO: Run Behavior\BuildLiteBehavior [ RunTime:0.000039s ]
INFO: [ app_init ] --END-- [ RunTime:0.000851s ]
ERR: 无法加载模块:__HOME__
NOTIC: [2] include(E:\web\ThinkPHP/Tpl/think_exception.tpl) [<a href='function.include'>function.include</a>]: failed to open stream: No such file or directory E:\web\ThinkPHP\Library\Think\Think.class.php 第 314 行.
NOTIC: [2] include() [<a href='function.include'>function.include</a>]: Failed opening 'E:\web\ThinkPHP/Tpl/think_exception.tpl' for inclusion (include_path='.;C:\php\pear') E:\web\ThinkPHP\Library\Think\Think.class.php 第 314 行.

[ 2017-02-05T20:52:40+08:00 ] ::1 /index.php/__HOME__/style/base.css
INFO: [ app_init ] --START--
INFO: Run Behavior\BuildLiteBehavior [ RunTime:0.000037s ]
INFO: [ app_init ] --END-- [ RunTime:0.000851s ]
ERR: 无法加载模块:__HOME__
NOTIC: [2] include(E:\web\ThinkPHP/Tpl/think_exception.tpl) [<a href='function.include'>function.include</a>]: failed to open stream: No such file or directory E:\web\ThinkPHP\Library\Think\Think.class.php 第 314 行.
NOTIC: [2] include() [<a href='function.include'>function.include</a>]: Failed opening 'E:\web\ThinkPHP/Tpl/think_exception.tpl' for inclusion (include_path='.;C:\php\pear') E:\web\ThinkPHP\Library\Think\Think.class.php 第 314 行.

.

[ 2017-02-05T20:52:40+08:00 ] ::1 /index.php/__HOME__/style/global.css
INFO: [ app_init ] --START--
INFO: Run Behavior\BuildLiteBehavior [ RunTime:0.000041s ]
INFO: [ app_init ] --END-- [ RunTime:0.001079s ]
ERR: 无法加载模块:__HOME__
NOTIC: [2] include(E:\web\ThinkPHP/Tpl/think_exception.tpl) [<a href='function.include'>function.include</a>]: failed to open stream: No such file or directory E:\web\ThinkPHP\Library\Think\Think.class.php 第 314 行.
NOTIC: [2] include() [<a href='function.include'>function.include</a>]: Failed opening 'E:\web\ThinkPHP/Tpl/think_exception.tpl' for inclusion (include_path='.;C:\php\pear') E:\web\ThinkPHP\Library\Think\Think.class.php 第 314 行.

[ 2017-02-05T20:52:40+08:00 ] ::1 /index.php/__HOME__/style/header.css
INFO: [ app_init ] --START--
INFO: Run Behavior\BuildLiteBehavior [ RunTime:0.000041s ]
INFO: [ app_init ] --END-- [ RunTime:0.000964s ]
ERR: 无法加载模块:__HOME__
NOTIC: [2] include(E:\web\ThinkPHP/Tpl/think_exception.tpl) [<a href='function.include'>function.include</a>]: failed to open stream: No such file or directory E:\web\ThinkPHP\Library\Think\Think.class.php 第 314 行.
NOTIC: [2] include() [<a href='function.include'>function.include</a>]: Failed opening 'E:\web\ThinkPHP/Tpl/think_exception.tpl' for inclusion (include_path='.;C:\php\pear') E:\web\ThinkPHP\Library\Think\Think.class.php 第 314 行.

[ 2017-02-05T20:52:40+08:00 ] ::1 /index.php/__HOME__/style/footer.css
INFO: [ app_init ] --START--
INFO: Run Behavior\BuildLiteBehavior [ RunTime:0.000037s ]
INFO: [ app_init ] --END-- [ RunTime:0.000978s ]
ERR: 无法加载模块:__HOME__
NOTIC: [2] include(E:\web\ThinkPHP/Tpl/think_exception.tpl) [<a href='function.include'>function.include</a>]: failed to open stream: No such file or directory E:\web\ThinkPHP\Library\Think\Think.class.php 第 314 行.
NOTIC: [2] include() [<a href='function.include'>function.include</a>]: Failed opening 'E:\web\ThinkPHP/Tpl/think_exception.tpl' for inclusion (include_path='.;C:\php\pear') E:\web\ThinkPHP\Library\Think\Think.class.php 第 314 行.

[ 2017-02-05T20:52:40+08:00 ] ::1 /index.php/__HOME__/js/index.js
INFO: [ app_init ] --START--
INFO: Run Behavior\BuildLiteBehavior [ RunTime:0.000036s ]
INFO: [ app_init ] --END-- [ RunTime:0.000761s ]
ERR: 无法加载模块:__HOME__
NOTIC: [2] include(E:\web\ThinkPHP/Tpl/think_exception.tpl) [<a href='function.include'>function.include</a>]: failed to open stream: No such file or directory E:\web\ThinkPHP\Library\Think\Think.class.php 第 314 行.
NOTIC: [2] include() [<a href='function.include'>function.include</a>]: Failed opening 'E:\web\ThinkPHP/Tpl/think_exception.tpl' for inclusion (include_path='.;C:\php\pear') E:\web\ThinkPHP\Library\Think\Think.class.php 第 314 行.

[ 2017-02-05T20:52:40+08:00 ] ::1 /index.php/__HOME__/js/jquery-1.8.3.min.js
INFO: [ app_init ] --START--
INFO: Run Behavior\BuildLiteBehavior [ RunTime:0.000040s ]
INFO: [ app_init ] --END-- [ RunTime:0.001386s ]
ERR: 无法加载模块:__HOME__
NOTIC: [2] include(E:\web\ThinkPHP/Tpl/think_exception.tpl) [<a href='function.include'>function.include</a>]: failed to open stream: No such file or directory E:\web\ThinkPHP\Library\Think\Think.class.php 第 314 行.
NOTIC: [2] include() [<a href='function.include'>function.include</a>]: Failed opening 'E:\web\ThinkPHP/Tpl/think_exception.tpl' for inclusion (include_path='.;C:\php\pear') E:\web\ThinkPHP\Library\Think\Think.class.php 第 314 行.

[ 2017-02-05T20:52:40+08:00 ] ::1 /index.php/__HOME__/js/header.js
INFO: [ app_init ] --START--
INFO: Run Behavior\BuildLiteBehavior [ RunTime:0.000040s ]
INFO: [ app_init ] --END-- [ RunTime:0.000870s ]
ERR: 无法加载模块:__HOME__
NOTIC: [2] include(E:\web\ThinkPHP/Tpl/think_exception.tpl) [<a href='function.include'>function.include</a>]: failed to open stream: No such file or directory E:\web\ThinkPHP\Library\Think\Think.class.php 第 314 行.
NOTIC: [2] include() [<a href='function.include'>function.include</a>]: Failed opening 'E:\web\ThinkPHP/Tpl/think_exception.tpl' for inclusion (include_path='.;C:\php\pear') E:\web\ThinkPHP\Library\Think\Think.class.php 第 314 行.

[ 2017-02-05T20:52:40+08:00 ] ::1 /index.php/__HOME__/images/logo.png
INFO: [ app_init ] --START--
INFO: Run Behavior\BuildLiteBehavior [ RunTime:0.000024s ]
INFO: [ app_init ] --END-- [ RunTime:0.000547s ]
ERR: 无法加载模块:__HOME__
NOTIC: [2] include(E:\web\ThinkPHP/Tpl/think_exception.tpl) [<a href='function.include'>function.include</a>]: failed to open stream: No such file or directory E:\web\ThinkPHP\Library\Think\Think.class.php 第 314 行.
NOTIC: [2] include() [<a href='function.include'>function.include</a>]: Failed opening 'E:\web\ThinkPHP/Tpl/think_exception.tpl' for inclusion (include_path='.;C:\php\pear') E:\web\ThinkPHP\Library\Think\Think.class.php 第 314 行.

[ 2017-02-05T20:52:40+08:00 ] ::1 /index.php/__HOME__/js/header.js
INFO: [ app_init ] --START--
INFO: Run Behavior\BuildLiteBehavior [ RunTime:0.000037s ]
INFO: [ app_init ] --END-- [ RunTime:0.000783s ]
ERR: 无法加载模块:__HOME__
NOTIC: [2] include(E:\web\ThinkPHP/Tpl/think_exception.tpl) [<a href='function.include'>function.include</a>]: failed to open stream: No such file or directory E:\web\ThinkPHP\Library\Think\Think.class.php 第 314 行.
NOTIC: [2] include() [<a href='function.include'>function.include</a>]: Failed opening 'E:\web\ThinkPHP/Tpl/think_exception.tpl' for inclusion (include_path='.;C:\php\pear') E:\web\ThinkPHP\Library\Think\Think.class.php 第 314 行.

[ 2017-02-05T20:52:40+08:00 ] ::1 /index.php/__HOME__/js/index.js
INFO: [ app_init ] --START--
INFO: Run Behavior\BuildLiteBehavior [ RunTime:0.000041s ]
INFO: [ app_init ] --END-- [ RunTime:0.000669s ]
ERR: 无法加载模块:__HOME__
NOTIC: [2] include(E:\web\ThinkPHP/Tpl/think_exception.tpl) [<a href='function.include'>function.include</a>]: failed to open stream: No such file or directory E:\web\ThinkPHP\Library\Think\Think.class.php 第 314 行.
NOTIC: [2] include() [<a href='function.include'>function.include</a>]: Failed opening 'E:\web\ThinkPHP/Tpl/think_exception.tpl' for inclusion (include_path='.;C:\php\pear') E:\web\ThinkPHP\Library\Think\Think.class.php 第 314 行.

[ 2017-02-05T20:52:40+08:00 ] ::1 /index.php/__HOME__/images/view_list1.jpg
INFO: [ app_init ] --START--
INFO: Run Behavior\BuildLiteBehavior [ RunTime:0.000038s ]
INFO: [ app_init ] --END-- [ RunTime:0.000757s ]
ERR: 无法加载模块:__HOME__
NOTIC: [2] include(E:\web\ThinkPHP/Tpl/think_exception.tpl) [<a href='function.include'>function.include</a>]: failed to open stream: No such file or directory E:\web\ThinkPHP\Library\Think\Think.class.php 第 314 行.
NOTIC: [2] include() [<a href='function.include'>function.include</a>]: Failed opening 'E:\web\ThinkPHP/Tpl/think_exception.tpl' for inclusion (include_path='.;C:\php\pear') E:\web\ThinkPHP\Library\Think\Think.class.php 第 314 行.

[ 2017-02-05T20:52:40+08:00 ] ::1 /index.php/__HOME__/images/index_slide1.jpg
INFO: [ app_init ] --START--
INFO: Run Behavior\BuildLiteBehavior [ RunTime:0.000041s ]
INFO: [ app_init ] --END-- [ RunTime:0.000857s ]
ERR: 无法加载模块:__HOME__
NOTIC: [2] include(E:\web\ThinkPHP/Tpl/think_exception.tpl) [<a href='function.include'>function.include</a>]: failed to open stream: No such file or directory E:\web\ThinkPHP\Library\Think\Think.class.php 第 314 行.
NOTIC: [2] include() [<a href='function.include'>function.include</a>]: Failed opening 'E:\web\ThinkPHP/Tpl/think_exception.tpl' for inclusion (include_path='.;C:\php\pear') E:\web\ThinkPHP\Library\Think\Think.class.php 第 314 行.

[ 2017-02-05T20:52:40+08:00 ] ::1 /index.php/__HOME__/images/index_slide4.jpg
INFO: [ app_init ] --START--
INFO: Run Behavior\BuildLiteBehavior [ RunTime:0.000041s ]
INFO: [ app_init ] --END-- [ RunTime:0.000741s ]
ERR: 无法加载模块:__HOME__
NOTIC: [2] include(E:\web\ThinkPHP/Tpl/think_exception.tpl) [<a href='function.include'>function.include</a>]: failed to open stream: No such file or directory E:\web\ThinkPHP\Library\Think\Think.class.php 第 314 行.
NOTIC: [2] include() [<a href='function.include'>function.include</a>]: Failed opening 'E:\web\ThinkPHP/Tpl/think_exception.tpl' for inclusion (include_path='.;C:\php\pear') E:\web\ThinkPHP\Library\Think\Think.class.php 第 314 行.

[ 2017-02-05T20:52:40+08:00 ] ::1 /index.php/__HOME__/images/index_slide3.jpg
INFO: [ app_init ] --START--
INFO: Run Behavior\BuildLiteBehavior [ RunTime:0.000041s ]
INFO: [ app_init ] --END-- [ RunTime:0.000806s ]
ERR: 无法加载模块:__HOME__
NOTIC: [2] include(E:\web\ThinkPHP/Tpl/think_exception.tpl) [<a href='function.include'>function.include</a>]: failed to open stream: No such file or directory E:\web\ThinkPHP\Library\Think\Think.class.php 第 314 行.
NOTIC: [2] include() [<a href='function.include'>function.include</a>]: Failed opening 'E:\web\ThinkPHP/Tpl/think_exception.tpl' for inclusion (include_path='.;C:\php\pear') E:\web\ThinkPHP\Library\Think\Think.class.php 第 314 行.

[ 2017-02-05T20:52:40+08:00 ] ::1 /index.php/__HOME__/images/view_list3.jpg
INFO: [ app_init ] --START--
INFO: Run Behavior\BuildLiteBehavior [ RunTime:0.000036s ]
INFO: [ app_init ] --END-- [ RunTime:0.000804s ]
ERR: 无法加载模块:__HOME__
NOTIC: [2] include(E:\web\ThinkPHP/Tpl/think_exception.tpl) [<a href='function.include'>function.include</a>]: failed to open stream: No such file or directory E:\web\ThinkPHP\Library\Think\Think.class.php 第 314 行.
NOTIC: [2] include() [<a href='function.include'>function.include</a>]: Failed opening 'E:\web\ThinkPHP/Tpl/think_exception.tpl' for inclusion (include_path='.;C:\php\pear') E:\web\ThinkPHP\Library\Think\Think.class.php 第 314 行.

[ 2017-02-05T20:52:40+08:00 ] ::1 /index.php/__HOME__/images/view_list2.jpg
INFO: [ app_init ] --START--
INFO: Run Behavior\BuildLiteBehavior [ RunTime:0.000053s ]
INFO: [ app_init ] --END-- [ RunTime:0.001239s ]
ERR: 无法加载模块:__HOME__
NOTIC: [2] include(E:\web\ThinkPHP/Tpl/think_exception.tpl) [<a href='function.include'>function.include</a>]: failed to open stream: No such file or directory E:\web\ThinkPHP\Library\Think\Think.class.php 第 314 行.
NOTIC: [2] include() [<a href='function.include'>function.include</a>]: Failed opening 'E:\web\ThinkPHP/Tpl/think_exception.tpl' for inclusion (include_path='.;C:\php\pear') E:\web\ThinkPHP\Library\Think\Think.class.php 第 314 行.

[ 2017-02-05T20:52:40+08:00 ] ::1 /index.php/__HOME__/images/index_slide2.jpg
INFO: [ app_init ] --START--
INFO: Run Behavior\BuildLiteBehavior [ RunTime:0.000037s ]
INFO: [ app_init ] --END-- [ RunTime:0.000750s ]
ERR: 无法加载模块:__HOME__
NOTIC: [2] include(E:\web\ThinkPHP/Tpl/think_exception.tpl) [<a href='function.include'>function.include</a>]: failed to open stream: No such file or directory E:\web\ThinkPHP\Library\Think\Think.class.php 第 314 行.
NOTIC: [2] include() [<a href='function.include'>function.include</a>]: Failed opening 'E:\web\ThinkPHP/Tpl/think_exception.tpl' for inclusion (include_path='.;C:\php\pear') E:\web\ThinkPHP\Library\Think\Think.class.php 第 314 行.

[ 2017-02-05T20:52:40+08:00 ] ::1 /index.php/__HOME__/images/index_slide5.jpg
INFO: [ app_init ] --START--
INFO: Run Behavior\BuildLiteBehavior [ RunTime:0.000041s ]
INFO: [ app_init ] --END-- [ RunTime:0.000787s ]
ERR: 无法加载模块:__HOME__
NOTIC: [2] include(E:\web\ThinkPHP/Tpl/think_exception.tpl) [<a href='function.include'>function.include</a>]: failed to open stream: No such file or directory E:\web\ThinkPHP\Library\Think\Think.class.php 第 314 行.
NOTIC: [2] include() [<a href='function.include'>function.include</a>]: Failed opening 'E:\web\ThinkPHP/Tpl/think_exception.tpl' for inclusion (include_path='.;C:\php\pear') E:\web\ThinkPHP\Library\Think\Think.class.php 第 314 行.

[ 2017-02-05T20:52:40+08:00 ] ::1 /index.php/__HOME__/images/ad.jpg
INFO: [ app_init ] --START--
INFO: Run Behavior\BuildLiteBehavior [ RunTime:0.000036s ]
INFO: [ app_init ] --END-- [ RunTime:0.000725s ]
ERR: 无法加载模块:__HOME__
NOTIC: [2] include(E:\web\ThinkPHP/Tpl/think_exception.tpl) [<a href='function.include'>function.include</a>]: failed to open stream: No such file or directory E:\web\ThinkPHP\Library\Think\Think.class.php 第 314 行.
NOTIC: [2] include() [<a href='function.include'>function.include</a>]: Failed opening 'E:\web\ThinkPHP/Tpl/think_exception.tpl' for inclusion (include_path='.;C:\php\pear') E:\web\ThinkPHP\Library\Think\Think.class.php 第 314 行.

[ 2017-02-05T20:52:40+08:00 ] ::1 /index.php/__HOME__/images/index_slide6.jpg
INFO: [ app_init ] --START--
INFO: Run Behavior\BuildLiteBehavior [ RunTime:0.000036s ]
INFO: [ app_init ] --END-- [ RunTime:0.000734s ]
ERR: 无法加载模块:__HOME__
NOTIC: [2] include(E:\web\ThinkPHP/Tpl/think_exception.tpl) [<a href='function.include'>function.include</a>]: failed to open stream: No such file or directory E:\web\ThinkPHP\Library\Think\Think.class.php 第 314 行.
NOTIC: [2] include() [<a href='function.include'>function.include</a>]: Failed opening 'E:\web\ThinkPHP/Tpl/think_exception.tpl' for inclusion (include_path='.;C:\php\pear') E:\web\ThinkPHP\Library\Think\Think.class.php 第 314 行.

[ 2017-02-05T20:52:40+08:00 ] ::1 /index.php/__HOME__/images/lottery.jpg
INFO: [ app_init ] --START--
INFO: Run Behavior\BuildLiteBehavior [ RunTime:0.000035s ]
INFO: [ app_init ] --END-- [ RunTime:0.000733s ]
ERR: 无法加载模块:__HOME__
NOTIC: [2] include(E:\web\ThinkPHP/Tpl/think_exception.tpl) [<a href='function.include'>function.include</a>]: failed to open stream: No such file or directory E:\web\ThinkPHP\Library\Think\Think.class.php 第 314 行.
NOTIC: [2] include() [<a href='function.include'>function.include</a>]: Failed opening 'E:\web\ThinkPHP/Tpl/think_exception.tpl' for inclusion (include_path='.;C:\php\pear') E:\web\ThinkPHP\Library\Think\Think.class.php 第 314 行.

[ 2017-02-05T20:52:40+08:00 ] ::1 /index.php/__HOME__/images/scenic.jpg
INFO: [ app_init ] --START--
INFO: Run Behavior\BuildLiteBehavior [ RunTime:0.000037s ]
INFO: [ app_init ] --END-- [ RunTime:0.000838s ]
ERR: 无法加载模块:__HOME__
NOTIC: [2] include(E:\web\ThinkPHP/Tpl/think_exception.tpl) [<a href='function.include'>function.include</a>]: failed to open stream: No such file or directory E:\web\ThinkPHP\Library\Think\Think.class.php 第 314 行.
NOTIC: [2] include() [<a href='function.include'>function.include</a>]: Failed opening 'E:\web\ThinkPHP/Tpl/think_exception.tpl' for inclusion (include_path='.;C:\php\pear') E:\web\ThinkPHP\Library\Think\Think.class.php 第 314 行.

[ 2017-02-05T20:52:40+08:00 ] ::1 /index.php/__HOME__/images/holiday.jpg
INFO: [ app_init ] --START--
INFO: Run Behavior\BuildLiteBehavior [ RunTime:0.000039s ]
INFO: [ app_init ] --END-- [ RunTime:0.000893s ]
ERR: 无法加载模块:__HOME__
NOTIC: [2] include(E:\web\ThinkPHP/Tpl/think_exception.tpl) [<a href='function.include'>function.include</a>]: failed to open stream: No such file or directory E:\web\ThinkPHP\Library\Think\Think.class.php 第 314 行.
NOTIC: [2] include() [<a href='function.include'>function.include</a>]: Failed opening 'E:\web\ThinkPHP/Tpl/think_exception.tpl' for inclusion (include_path='.;C:\php\pear') E:\web\ThinkPHP\Library\Think\Think.class.php 第 314 行.

[ 2017-02-05T20:52:40+08:00 ] ::1 /index.php/__HOME__/images/crazy1.jpg
INFO: [ app_init ] --START--
INFO: Run Behavior\BuildLiteBehavior [ RunTime:0.000037s ]
INFO: [ app_init ] --END-- [ RunTime:0.000754s ]
ERR: 无法加载模块:__HOME__
NOTIC: [2] include(E:\web\ThinkPHP/Tpl/think_exception.tpl) [<a href='function.include'>function.include</a>]: failed to open stream: No such file or directory E:\web\ThinkPHP\Library\Think\Think.class.php 第 314 行.
NOTIC: [2] include() [<a href='function.include'>function.include</a>]: Failed opening 'E:\web\ThinkPHP/Tpl/think_exception.tpl' for inclusion (include_path='.;C:\php\pear') E:\web\ThinkPHP\Library\Think\Think.class.php 第 314 行.

[ 2017-02-05T20:52:40+08:00 ] ::1 /index.php/__HOME__/images/taohua.jpg
INFO: [ app_init ] --START--
INFO: Run Behavior\BuildLiteBehavior [ RunTime:0.000042s ]
INFO: [ app_init ] --END-- [ RunTime:0.002013s ]
ERR: 无法加载模块:__HOME__
NOTIC: [2] include(E:\web\ThinkPHP/Tpl/think_exception.tpl) [<a href='function.include'>function.include</a>]: failed to open stream: No such file or directory E:\web\ThinkPHP\Library\Think\Think.class.php 第 314 行.
NOTIC: [2] include() [<a href='function.include'>function.include</a>]: Failed opening 'E:\web\ThinkPHP/Tpl/think_exception.tpl' for inclusion (include_path='.;C:\php\pear') E:\web\ThinkPHP\Library\Think\Think.class.php 第 314 行.

[ 2017-02-05T20:52:40+08:00 ] ::1 /index.php/__HOME__/images/crazy3.jpg
INFO: [ app_init ] --START--
INFO: Run Behavior\BuildLiteBehavior [ RunTime:0.000039s ]
INFO: [ app_init ] --END-- [ RunTime:0.000775s ]
ERR: 无法加载模块:__HOME__
NOTIC: [2] include(E:\web\ThinkPHP/Tpl/think_exception.tpl) [<a href='function.include'>function.include</a>]: failed to open stream: No such file or directory E:\web\ThinkPHP\Library\Think\Think.class.php 第 314 行.
NOTIC: [2] include() [<a href='function.include'>function.include</a>]: Failed opening 'E:\web\ThinkPHP/Tpl/think_exception.tpl' for inclusion (include_path='.;C:\php\pear') E:\web\ThinkPHP\Library\Think\Think.class.php 第 314 行.

[ 2017-02-05T20:52:40+08:00 ] ::1 /index.php/__HOME__/images/wulin.jpg
INFO: [ app_init ] --START--
INFO: Run Behavior\BuildLiteBehavior [ RunTime:0.000036s ]
INFO: [ app_init ] --END-- [ RunTime:0.000773s ]
ERR: 无法加载模块:__HOME__
NOTIC: [2] include(E:\web\ThinkPHP/Tpl/think_exception.tpl) [<a href='function.include'>function.include</a>]: failed to open stream: No such file or directory E:\web\ThinkPHP\Library\Think\Think.class.php 第 314 行.
NOTIC: [2] include() [<a href='function.include'>function.include</a>]: Failed opening 'E:\web\ThinkPHP/Tpl/think_exception.tpl' for inclusion (include_path='.;C:\php\pear') E:\web\ThinkPHP\Library\Think\Think.class.php 第 314 行.

[ 2017-02-05T20:52:40+08:00 ] ::1 /index.php/__HOME__/images/crazy2.jpg
INFO: [ app_init ] --START--
INFO: Run Behavior\BuildLiteBehavior [ RunTime:0.000041s ]
INFO: [ app_init ] --END-- [ RunTime:0.000789s ]
ERR: 无法加载模块:__HOME__
NOTIC: [2] include(E:\web\ThinkPHP/Tpl/think_exception.tpl) [<a href='function.include'>function.include</a>]: failed to open stream: No such file or directory E:\web\ThinkPHP\Library\Think\Think.class.php 第 314 行.
NOTIC: [2] include() [<a href='function.include'>function.include</a>]: Failed opening 'E:\web\ThinkPHP/Tpl/think_exception.tpl' for inclusion (include_path='.;C:\php\pear') E:\web\ThinkPHP\Library\Think\Think.class.php 第 314 行.

[ 2017-02-05T20:52:40+08:00 ] ::1 /index.php/__HOME__/images/sanguo.jpg
INFO: [ app_init ] --START--
INFO: Run Behavior\BuildLiteBehavior [ RunTime:0.000036s ]
INFO: [ app_init ] --END-- [ RunTime:0.000935s ]
ERR: 无法加载模块:__HOME__
NOTIC: [2] include(E:\web\ThinkPHP/Tpl/think_exception.tpl) [<a href='function.include'>function.include</a>]: failed to open stream: No such file or directory E:\web\ThinkPHP\Library\Think\Think.class.php 第 314 行.
NOTIC: [2] include() [<a href='function.include'>function.include</a>]: Failed opening 'E:\web\ThinkPHP/Tpl/think_exception.tpl' for inclusion (include_path='.;C:\php\pear') E:\web\ThinkPHP\Library\Think\Think.class.php 第 314 行.

[ 2017-02-05T20:52:40+08:00 ] ::1 /index.php/__HOME__/images/recommend1.jpg
INFO: [ app_init ] --START--
INFO: Run Behavior\BuildLiteBehavior [ RunTime:0.000040s ]
INFO: [ app_init ] --END-- [ RunTime:0.000842s ]
ERR: 无法加载模块:__HOME__
NOTIC: [2] include(E:\web\ThinkPHP/Tpl/think_exception.tpl) [<a href='function.include'>function.include</a>]: failed to open stream: No such file or directory E:\web\ThinkPHP\Library\Think\Think.class.php 第 314 行.
NOTIC: [2] include() [<a href='function.include'>function.include</a>]: Failed opening 'E:\web\ThinkPHP/Tpl/think_exception.tpl' for inclusion (include_path='.;C:\php\pear') E:\web\ThinkPHP\Library\Think\Think.class.php 第 314 行.

[ 2017-02-05T20:52:40+08:00 ] ::1 /index.php/__HOME__/images/hot1.jpg
INFO: [ app_init ] --START--
INFO: Run Behavior\BuildLiteBehavior [ RunTime:0.000042s ]
INFO: [ app_init ] --END-- [ RunTime:0.000853s ]
ERR: 无法加载模块:__HOME__
NOTIC: [2] include(E:\web\ThinkPHP/Tpl/think_exception.tpl) [<a href='function.include'>function.include</a>]: failed to open stream: No such file or directory E:\web\ThinkPHP\Library\Think\Think.class.php 第 314 行.
NOTIC: [2] include() [<a href='function.include'>function.include</a>]: Failed opening 'E:\web\ThinkPHP/Tpl/think_exception.tpl' for inclusion (include_path='.;C:\php\pear') E:\web\ThinkPHP\Library\Think\Think.class.php 第 314 行.

[ 2017-02-05T20:52:40+08:00 ] ::1 /index.php/__HOME__/images/crazy4.jpg
INFO: [ app_init ] --START--
INFO: Run Behavior\BuildLiteBehavior [ RunTime:0.000032s ]
INFO: [ app_init ] --END-- [ RunTime:0.000747s ]
ERR: 无法加载模块:__HOME__
NOTIC: [2] include(E:\web\ThinkPHP/Tpl/think_exception.tpl) [<a href='function.include'>function.include</a>]: failed to open stream: No such file or directory E:\web\ThinkPHP\Library\Think\Think.class.php 第 314 行.
NOTIC: [2] include() [<a href='function.include'>function.include</a>]: Failed opening 'E:\web\ThinkPHP/Tpl/think_exception.tpl' for inclusion (include_path='.;C:\php\pear') E:\web\ThinkPHP\Library\Think\Think.class.php 第 314 行.

[ 2017-02-05T20:52:40+08:00 ] ::1 /index.php/__HOME__/images/hot3.jpg
INFO: [ app_init ] --START--
INFO: Run Behavior\BuildLiteBehavior [ RunTime:0.000035s ]
INFO: [ app_init ] --END-- [ RunTime:0.000764s ]
ERR: 无法加载模块:__HOME__
NOTIC: [2] include(E:\web\ThinkPHP/Tpl/think_exception.tpl) [<a href='function.include'>function.include</a>]: failed to open stream: No such file or directory E:\web\ThinkPHP\Library\Think\Think.class.php 第 314 行.
NOTIC: [2] include() [<a href='function.include'>function.include</a>]: Failed opening 'E:\web\ThinkPHP/Tpl/think_exception.tpl' for inclusion (include_path='.;C:\php\pear') E:\web\ThinkPHP\Library\Think\Think.class.php 第 314 行.

[ 2017-02-05T20:52:40+08:00 ] ::1 /index.php/__HOME__/images/crazy5.jpg
INFO: [ app_init ] --START--
INFO: Run Behavior\BuildLiteBehavior [ RunTime:0.000038s ]
INFO: [ app_init ] --END-- [ RunTime:0.000830s ]
ERR: 无法加载模块:__HOME__
NOTIC: [2] include(E:\web\ThinkPHP/Tpl/think_exception.tpl) [<a href='function.include'>function.include</a>]: failed to open stream: No such file or directory E:\web\ThinkPHP\Library\Think\Think.class.php 第 314 行.
NOTIC: [2] include() [<a href='function.include'>function.include</a>]: Failed opening 'E:\web\ThinkPHP/Tpl/think_exception.tpl' for inclusion (include_path='.;C:\php\pear') E:\web\ThinkPHP\Library\Think\Think.class.php 第 314 行.

[ 2017-02-05T20:52:40+08:00 ] ::1 /index.php/__HOME__/images/hot2.jpg
INFO: [ app_init ] --START--
INFO: Run Behavior\BuildLiteBehavior [ RunTime:0.000024s ]
INFO: [ app_init ] --END-- [ RunTime:0.000497s ]
ERR: 无法加载模块:__HOME__
NOTIC: [2] include(E:\web\ThinkPHP/Tpl/think_exception.tpl) [<a href='function.include'>function.include</a>]: failed to open stream: No such file or directory E:\web\ThinkPHP\Library\Think\Think.class.php 第 314 行.
NOTIC: [2] include() [<a href='function.include'>function.include</a>]: Failed opening 'E:\web\ThinkPHP/Tpl/think_exception.tpl' for inclusion (include_path='.;C:\php\pear') E:\web\ThinkPHP\Library\Think\Think.class.php 第 314 行.

[ 2017-02-05T20:52:40+08:00 ] ::1 /index.php/__HOME__/images/new1.jpg
INFO: [ app_init ] --START--
INFO: Run Behavior\BuildLiteBehavior [ RunTime:0.000163s ]
INFO: [ app_init ] --END-- [ RunTime:0.000878s ]
ERR: 无法加载模块:__HOME__
NOTIC: [2] include(E:\web\ThinkPHP/Tpl/think_exception.tpl) [<a href='function.include'>function.include</a>]: failed to open stream: No such file or directory E:\web\ThinkPHP\Library\Think\Think.class.php 第 314 行.
NOTIC: [2] include() [<a href='function.include'>function.include</a>]: Failed opening 'E:\web\ThinkPHP/Tpl/think_exception.tpl' for inclusion (include_path='.;C:\php\pear') E:\web\ThinkPHP\Library\Think\Think.class.php 第 314 行.

[ 2017-02-05T20:52:40+08:00 ] ::1 /index.php/__HOME__/images/new2.jpg
INFO: [ app_init ] --START--
INFO: Run Behavior\BuildLiteBehavior [ RunTime:0.000036s ]
INFO: [ app_init ] --END-- [ RunTime:0.000743s ]
ERR: 无法加载模块:__HOME__
NOTIC: [2] include(E:\web\ThinkPHP/Tpl/think_exception.tpl) [<a href='function.include'>function.include</a>]: failed to open stream: No such file or directory E:\web\ThinkPHP\Library\Think\Think.class.php 第 314 行.
NOTIC: [2] include() [<a href='function.include'>function.include</a>]: Failed opening 'E:\web\ThinkPHP/Tpl/think_exception.tpl' for inclusion (include_path='.;C:\php\pear') E:\web\ThinkPHP\Library\Think\Think.class.php 第 314 行.

[ 2017-02-05T20:52:40+08:00 ] ::1 /index.php/__HOME__/images/recommend2.jpg
INFO: [ app_init ] --START--
INFO: Run Behavior\BuildLiteBehavior [ RunTime:0.000040s ]
INFO: [ app_init ] --END-- [ RunTime:0.001066s ]
ERR: 无法加载模块:__HOME__
NOTIC: [2] include(E:\web\ThinkPHP/Tpl/think_exception.tpl) [<a href='function.include'>function.include</a>]: failed to open stream: No such file or directory E:\web\ThinkPHP\Library\Think\Think.class.php 第 314 行.
NOTIC: [2] include() [<a href='function.include'>function.include</a>]: Failed opening 'E:\web\ThinkPHP/Tpl/think_exception.tpl' for inclusion (include_path='.;C:\php\pear') E:\web\ThinkPHP\Library\Think\Think.class.php 第 314 行.

[ 2017-02-05T20:52:40+08:00 ] ::1 /index.php/__HOME__/images/new3.jpg
INFO: [ app_init ] --START--
INFO: Run Behavior\BuildLiteBehavior [ RunTime:0.000040s ]
INFO: [ app_init ] --END-- [ RunTime:0.000862s ]
ERR: 无法加载模块:__HOME__
NOTIC: [2] include(E:\web\ThinkPHP/Tpl/think_exception.tpl) [<a href='function.include'>function.include</a>]: failed to open stream: No such file or directory E:\web\ThinkPHP\Library\Think\Think.class.php 第 314 行.
NOTIC: [2] include() [<a href='function.include'>function.include</a>]: Failed opening 'E:\web\ThinkPHP/Tpl/think_exception.tpl' for inclusion (include_path='.;C:\php\pear') E:\web\ThinkPHP\Library\Think\Think.class.php 第 314 行.

[ 2017-02-05T20:52:40+08:00 ] ::1 /index.php/__HOME__/images/recommend3.jpg
INFO: [ app_init ] --START--
INFO: Run Behavior\BuildLiteBehavior [ RunTime:0.000039s ]
INFO: [ app_init ] --END-- [ RunTime:0.000786s ]
ERR: 无法加载模块:__HOME__
NOTIC: [2] include(E:\web\ThinkPHP/Tpl/think_exception.tpl) [<a href='function.include'>function.include</a>]: failed to open stream: No such file or directory E:\web\ThinkPHP\Library\Think\Think.class.php 第 314 行.
NOTIC: [2] include() [<a href='function.include'>function.include</a>]: Failed opening 'E:\web\ThinkPHP/Tpl/think_exception.tpl' for inclusion (include_path='.;C:\php\pear') E:\web\ThinkPHP\Library\Think\Think.class.php 第 314 行.

[ 2017-02-05T20:52:40+08:00 ] ::1 /index.php/__HOME__/images/guess3.jpg
INFO: [ app_init ] --START--
INFO: Run Behavior\BuildLiteBehavior [ RunTime:0.000038s ]
INFO: [ app_init ] --END-- [ RunTime:0.000767s ]
ERR: 无法加载模块:__HOME__
NOTIC: [2] include(E:\web\ThinkPHP/Tpl/think_exception.tpl) [<a href='function.include'>function.include</a>]: failed to open stream: No such file or directory E:\web\ThinkPHP\Library\Think\Think.class.php 第 314 行.
NOTIC: [2] include() [<a href='function.include'>function.include</a>]: Failed opening 'E:\web\ThinkPHP/Tpl/think_exception.tpl' for inclusion (include_path='.;C:\php\pear') E:\web\ThinkPHP\Library\Think\Think.class.php 第 314 行.

[ 2017-02-05T20:52:40+08:00 ] ::1 /index.php/__HOME__/images/viewsonic.jpg
INFO: [ app_init ] --START--
INFO: Run Behavior\BuildLiteBehavior [ RunTime:0.000035s ]
INFO: [ app_init ] --END-- [ RunTime:0.000729s ]
ERR: 无法加载模块:__HOME__
NOTIC: [2] include(E:\web\ThinkPHP/Tpl/think_exception.tpl) [<a href='function.include'>function.include</a>]: failed to open stream: No such file or directory E:\web\ThinkPHP\Library\Think\Think.class.php 第 314 行.
NOTIC: [2] include() [<a href='function.include'>function.include</a>]: Failed opening 'E:\web\ThinkPHP/Tpl/think_exception.tpl' for inclusion (include_path='.;C:\php\pear') E:\web\ThinkPHP\Library\Think\Think.class.php 第 314 行.

[ 2017-02-05T20:52:40+08:00 ] ::1 /index.php/__HOME__/images/guess1.jpg
INFO: [ app_init ] --START--
INFO: Run Behavior\BuildLiteBehavior [ RunTime:0.000042s ]
INFO: [ app_init ] --END-- [ RunTime:0.000813s ]
ERR: 无法加载模块:__HOME__
NOTIC: [2] include(E:\web\ThinkPHP/Tpl/think_exception.tpl) [<a href='function.include'>function.include</a>]: failed to open stream: No such file or directory E:\web\ThinkPHP\Library\Think\Think.class.php 第 314 行.
NOTIC: [2] include() [<a href='function.include'>function.include</a>]: Failed opening 'E:\web\ThinkPHP/Tpl/think_exception.tpl' for inclusion (include_path='.;C:\php\pear') E:\web\ThinkPHP\Library\Think\Think.class.php 第 314 行.

[ 2017-02-05T20:52:40+08:00 ] ::1 /index.php/__HOME__/images/guess2.jpg
INFO: [ app_init ] --START--
INFO: Run Behavior\BuildLiteBehavior [ RunTime:0.000037s ]
INFO: [ app_init ] --END-- [ RunTime:0.000794s ]
ERR: 无法加载模块:__HOME__
NOTIC: [2] include(E:\web\ThinkPHP/Tpl/think_exception.tpl) [<a href='function.include'>function.include</a>]: failed to open stream: No such file or directory E:\web\ThinkPHP\Library\Think\Think.class.php 第 314 行.
NOTIC: [2] include() [<a href='function.include'>function.include</a>]: Failed opening 'E:\web\ThinkPHP/Tpl/think_exception.tpl' for inclusion (include_path='.;C:\php\pear') E:\web\ThinkPHP\Library\Think\Think.class.php 第 314 行.

[ 2017-02-05T20:52:40+08:00 ] ::1 /index.php/__HOME__/images/notebook.jpg
INFO: [ app_init ] --START--
INFO: Run Behavior\BuildLiteBehavior [ RunTime:0.000038s ]
INFO: [ app_init ] --END-- [ RunTime:0.000876s ]
ERR: 无法加载模块:__HOME__
NOTIC: [2] include(E:\web\ThinkPHP/Tpl/think_exception.tpl) [<a href='function.include'>function.include</a>]: failed to open stream: No such file or directory E:\web\ThinkPHP\Library\Think\Think.class.php 第 314 行.
NOTIC: [2] include() [<a href='function.include'>function.include</a>]: Failed opening 'E:\web\ThinkPHP/Tpl/think_exception.tpl' for inclusion (include_path='.;C:\php\pear') E:\web\ThinkPHP\Library\Think\Think.class.php 第 314 行.

[ 2017-02-05T20:52:40+08:00 ] ::1 /index.php/__HOME__/images/samsung.jpg
INFO: [ app_init ] --START--
INFO: Run Behavior\BuildLiteBehavior [ RunTime:0.000042s ]
INFO: [ app_init ] --END-- [ RunTime:0.001154s ]
ERR: 无法加载模块:__HOME__
NOTIC: [2] include(E:\web\ThinkPHP/Tpl/think_exception.tpl) [<a href='function.include'>function.include</a>]: failed to open stream: No such file or directory E:\web\ThinkPHP\Library\Think\Think.class.php 第 314 行.
NOTIC: [2] include() [<a href='function.include'>function.include</a>]: Failed opening 'E:\web\ThinkPHP/Tpl/think_exception.tpl' for inclusion (include_path='.;C:\php\pear') E:\web\ThinkPHP\Library\Think\Think.class.php 第 314 行.

[ 2017-02-05T20:52:41+08:00 ] ::1 /index.php/__HOME__/images/samsung6800.jpg
INFO: [ app_init ] --START--
INFO: Run Behavior\BuildLiteBehavior [ RunTime:0.000041s ]
INFO: [ app_init ] --END-- [ RunTime:0.000839s ]
ERR: 无法加载模块:__HOME__
NOTIC: [2] include(E:\web\ThinkPHP/Tpl/think_exception.tpl) [<a href='function.include'>function.include</a>]: failed to open stream: No such file or directory E:\web\ThinkPHP\Library\Think\Think.class.php 第 314 行.
NOTIC: [2] include() [<a href='function.include'>function.include</a>]: Failed opening 'E:\web\ThinkPHP/Tpl/think_exception.tpl' for inclusion (include_path='.;C:\php\pear') E:\web\ThinkPHP\Library\Think\Think.class.php 第 314 行.

[ 2017-02-05T20:52:41+08:00 ] ::1 /index.php/__HOME__/images/thinkpad%20e420.jpg
INFO: [ app_init ] --START--
INFO: Run Behavior\BuildLiteBehavior [ RunTime:0.000039s ]
INFO: [ app_init ] --END-- [ RunTime:0.000798s ]
ERR: 无法加载模块:__HOME__
NOTIC: [2] include(E:\web\ThinkPHP/Tpl/think_exception.tpl) [<a href='function.include'>function.include</a>]: failed to open stream: No such file or directory E:\web\ThinkPHP\Library\Think\Think.class.php 第 314 行.
NOTIC: [2] include() [<a href='function.include'>function.include</a>]: Failed opening 'E:\web\ThinkPHP/Tpl/think_exception.tpl' for inclusion (include_path='.;C:\php\pear') E:\web\ThinkPHP\Library\Think\Think.class.php 第 314 行.

[ 2017-02-05T20:52:41+08:00 ] ::1 /index.php/__HOME__/images/acer4739.jpg
INFO: [ app_init ] --START--
INFO: Run Behavior\BuildLiteBehavior [ RunTime:0.000040s ]
INFO: [ app_init ] --END-- [ RunTime:0.001208s ]
ERR: 无法加载模块:__HOME__
NOTIC: [2] include(E:\web\ThinkPHP/Tpl/think_exception.tpl) [<a href='function.include'>function.include</a>]: failed to open stream: No such file or directory E:\web\ThinkPHP\Library\Think\Think.class.php 第 314 行.
NOTIC: [2] include() [<a href='function.include'>function.include</a>]: Failed opening 'E:\web\ThinkPHP/Tpl/think_exception.tpl' for inclusion (include_path='.;C:\php\pear') E:\web\ThinkPHP\Library\Think\Think.class.php 第 314 行.

[ 2017-02-05T20:52:41+08:00 ] ::1 /index.php/__HOME__/images/lh531.jpg
INFO: [ app_init ] --START--
INFO: Run Behavior\BuildLiteBehavior [ RunTime:0.000093s ]
INFO: [ app_init ] --END-- [ RunTime:0.000902s ]
ERR: 无法加载模块:__HOME__
NOTIC: [2] include(E:\web\ThinkPHP/Tpl/think_exception.tpl) [<a href='function.include'>function.include</a>]: failed to open stream: No such file or directory E:\web\ThinkPHP\Library\Think\Think.class.php 第 314 行.
NOTIC: [2] include() [<a href='function.include'>function.include</a>]: Failed opening 'E:\web\ThinkPHP/Tpl/think_exception.tpl' for inclusion (include_path='.;C:\php\pear') E:\web\ThinkPHP\Library\Think\Think.class.php 第 314 行.

[ 2017-02-05T20:52:41+08:00 ] ::1 /index.php/__HOME__/images/dell.gif
INFO: [ app_init ] --START--
INFO: Run Behavior\BuildLiteBehavior [ RunTime:0.000037s ]
INFO: [ app_init ] --END-- [ RunTime:0.000761s ]
ERR: 无法加载模块:__HOME__
NOTIC: [2] include(E:\web\ThinkPHP/Tpl/think_exception.tpl) [<a href='function.include'>function.include</a>]: failed to open stream: No such file or directory E:\web\ThinkPHP\Library\Think\Think.class.php 第 314 行.
NOTIC: [2] include() [<a href='function.include'>function.include</a>]: Failed opening 'E:\web\ThinkPHP/Tpl/think_exception.tpl' for inclusion (include_path='.;C:\php\pear') E:\web\ThinkPHP\Library\Think\Think.class.php 第 314 行.

[ 2017-02-05T20:52:41+08:00 ] ::1 /index.php/__HOME__/images/qinghuax2.jpg
INFO: [ app_init ] --START--
INFO: Run Behavior\BuildLiteBehavior [ RunTime:0.000038s ]
INFO: [ app_init ] --END-- [ RunTime:0.000805s ]
ERR: 无法加载模块:__HOME__
NOTIC: [2] include(E:\web\ThinkPHP/Tpl/think_exception.tpl) [<a href='function.include'>function.include</a>]: failed to open stream: No such file or directory E:\web\ThinkPHP\Library\Think\Think.class.php 第 314 行.
NOTIC: [2] include() [<a href='function.include'>function.include</a>]: Failed opening 'E:\web\ThinkPHP/Tpl/think_exception.tpl' for inclusion (include_path='.;C:\php\pear') E:\web\ThinkPHP\Library\Think\Think.class.php 第 314 行.

[ 2017-02-05T20:52:41+08:00 ] ::1 /index.php/__HOME__/images/acer.gif
INFO: [ app_init ] --START--
INFO: Run Behavior\BuildLiteBehavior [ RunTime:0.000035s ]
INFO: [ app_init ] --END-- [ RunTime:0.000757s ]
ERR: 无法加载模块:__HOME__
NOTIC: [2] include(E:\web\ThinkPHP/Tpl/think_exception.tpl) [<a href='function.include'>function.include</a>]: failed to open stream: No such file or directory E:\web\ThinkPHP\Library\Think\Think.class.php 第 314 行.
NOTIC: [2] include() [<a href='function.include'>function.include</a>]: Failed opening 'E:\web\ThinkPHP/Tpl/think_exception.tpl' for inclusion (include_path='.;C:\php\pear') E:\web\ThinkPHP\Library\Think\Think.class.php 第 314 行.

[ 2017-02-05T20:52:41+08:00 ] ::1 /index.php/__HOME__/images/hp.jpg
INFO: [ app_init ] --START--
INFO: Run Behavior\BuildLiteBehavior [ RunTime:0.000037s ]
INFO: [ app_init ] --END-- [ RunTime:0.002065s ]
ERR: 无法加载模块:__HOME__
NOTIC: [2] include(E:\web\ThinkPHP/Tpl/think_exception.tpl) [<a href='function.include'>function.include</a>]: failed to open stream: No such file or directory E:\web\ThinkPHP\Library\Think\Think.class.php 第 314 行.
NOTIC: [2] include() [<a href='function.include'>function.include</a>]: Failed opening 'E:\web\ThinkPHP/Tpl/think_exception.tpl' for inclusion (include_path='.;C:\php\pear') E:\web\ThinkPHP\Library\Think\Think.class.php 第 314 行.

[ 2017-02-05T20:52:41+08:00 ] ::1 /index.php/__HOME__/images/samsung.gif
INFO: [ app_init ] --START--
INFO: Run Behavior\BuildLiteBehavior [ RunTime:0.000033s ]
INFO: [ app_init ] --END-- [ RunTime:0.001255s ]
ERR: 无法加载模块:__HOME__
NOTIC: [2] include(E:\web\ThinkPHP/Tpl/think_exception.tpl) [<a href='function.include'>function.include</a>]: failed to open stream: No such file or directory E:\web\ThinkPHP\Library\Think\Think.class.php 第 314 行.
NOTIC: [2] include() [<a href='function.include'>function.include</a>]: Failed opening 'E:\web\ThinkPHP/Tpl/think_exception.tpl' for inclusion (include_path='.;C:\php\pear') E:\web\ThinkPHP\Library\Think\Think.class.php 第 314 行.

[ 2017-02-05T20:52:41+08:00 ] ::1 /index.php/__HOME__/images/lenove.jpg
INFO: [ app_init ] --START--
INFO: Run Behavior\BuildLiteBehavior [ RunTime:0.000040s ]
INFO: [ app_init ] --END-- [ RunTime:0.000872s ]
ERR: 无法加载模块:__HOME__
NOTIC: [2] include(E:\web\ThinkPHP/Tpl/think_exception.tpl) [<a href='function.include'>function.include</a>]: failed to open stream: No such file or directory E:\web\ThinkPHP\Library\Think\Think.class.php 第 314 行.
NOTIC: [2] include() [<a href='function.include'>function.include</a>]: Failed opening 'E:\web\ThinkPHP/Tpl/think_exception.tpl' for inclusion (include_path='.;C:\php\pear') E:\web\ThinkPHP\Library\Think\Think.class.php 第 314 行.

[ 2017-02-05T20:52:41+08:00 ] ::1 /index.php/__HOME__/images/dlink.gif
INFO: [ app_init ] --START--
INFO: Run Behavior\BuildLiteBehavior [ RunTime:0.000040s ]
INFO: [ app_init ] --END-- [ RunTime:0.000756s ]
ERR: 无法加载模块:__HOME__
NOTIC: [2] include(E:\web\ThinkPHP/Tpl/think_exception.tpl) [<a href='function.include'>function.include</a>]: failed to open stream: No such file or directory E:\web\ThinkPHP\Library\Think\Think.class.php 第 314 行.
NOTIC: [2] include() [<a href='function.include'>function.include</a>]: Failed opening 'E:\web\ThinkPHP/Tpl/think_exception.tpl' for inclusion (include_path='.;C:\php\pear') E:\web\ThinkPHP\Library\Think\Think.class.php 第 314 行.

[ 2017-02-05T20:52:41+08:00 ] ::1 /index.php/__HOME__/images/fujitsu.jpg
INFO: [ app_init ] --START--
INFO: Run Behavior\BuildLiteBehavior [ RunTime:0.000038s ]
INFO: [ app_init ] --END-- [ RunTime:0.007360s ]
ERR: 无法加载模块:__HOME__
NOTIC: [2] include(E:\web\ThinkPHP/Tpl/think_exception.tpl) [<a href='function.include'>function.include</a>]: failed to open stream: No such file or directory E:\web\ThinkPHP\Library\Think\Think.class.php 第 314 行.
NOTIC: [2] include() [<a href='function.include'>function.include</a>]: Failed opening 'E:\web\ThinkPHP/Tpl/think_exception.tpl' for inclusion (include_path='.;C:\php\pear') E:\web\ThinkPHP\Library\Think\Think.class.php 第 314 行.

[ 2017-02-05T20:52:41+08:00 ] ::1 /index.php/__HOME__/images/seagate.jpg
INFO: [ app_init ] --START--
INFO: Run Behavior\BuildLiteBehavior [ RunTime:0.000036s ]
INFO: [ app_init ] --END-- [ RunTime:0.000758s ]
ERR: 无法加载模块:__HOME__
NOTIC: [2] include(E:\web\ThinkPHP/Tpl/think_exception.tpl) [<a href='function.include'>function.include</a>]: failed to open stream: No such file or directory E:\web\ThinkPHP\Library\Think\Think.class.php 第 314 行.
NOTIC: [2] include() [<a href='function.include'>function.include</a>]: Failed opening 'E:\web\ThinkPHP/Tpl/think_exception.tpl' for inclusion (include_path='.;C:\php\pear') E:\web\ThinkPHP\Library\Think\Think.class.php 第 314 行.

[ 2017-02-05T20:52:41+08:00 ] ::1 /index.php/__HOME__/images/canon.jpg
INFO: [ app_init ] --START--
INFO: Run Behavior\BuildLiteBehavior [ RunTime:0.000036s ]
INFO: [ app_init ] --END-- [ RunTime:0.000891s ]
ERR: 无法加载模块:__HOME__
NOTIC: [2] include(E:\web\ThinkPHP/Tpl/think_exception.tpl) [<a href='function.include'>function.include</a>]: failed to open stream: No such file or directory E:\web\ThinkPHP\Library\Think\Think.class.php 第 314 行.
NOTIC: [2] include() [<a href='function.include'>function.include</a>]: Failed opening 'E:\web\ThinkPHP/Tpl/think_exception.tpl' for inclusion (include_path='.;C:\php\pear') E:\web\ThinkPHP\Library\Think\Think.class.php 第 314 行.

[ 2017-02-05T20:52:41+08:00 ] ::1 /index.php/__HOME__/images/xin.png
INFO: [ app_init ] --START--
INFO: Run Behavior\BuildLiteBehavior [ RunTime:0.000040s ]
INFO: [ app_init ] --END-- [ RunTime:0.000761s ]
ERR: 无法加载模块:__HOME__
NOTIC: [2] include(E:\web\ThinkPHP/Tpl/think_exception.tpl) [<a href='function.include'>function.include</a>]: failed to open stream: No such file or directory E:\web\ThinkPHP\Library\Think\Think.class.php 第 314 行.
NOTIC: [2] include() [<a href='function.include'>function.include</a>]: Failed opening 'E:\web\ThinkPHP/Tpl/think_exception.tpl' for inclusion (include_path='.;C:\php\pear') E:\web\ThinkPHP\Library\Think\Think.class.php 第 314 行.

[ 2017-02-05T20:52:41+08:00 ] ::1 /index.php/__HOME__/images/intel.jpg
INFO: [ app_init ] --START--
INFO: Run Behavior\BuildLiteBehavior [ RunTime:0.000037s ]
INFO: [ app_init ] --END-- [ RunTime:0.000787s ]
ERR: 无法加载模块:__HOME__
NOTIC: [2] include(E:\web\ThinkPHP/Tpl/think_exception.tpl) [<a href='function.include'>function.include</a>]: failed to open stream: No such file or directory E:\web\ThinkPHP\Library\Think\Think.class.php 第 314 行.
NOTIC: [2] include() [<a href='function.include'>function.include</a>]: Failed opening 'E:\web\ThinkPHP/Tpl/think_exception.tpl' for inclusion (include_path='.;C:\php\pear') E:\web\ThinkPHP\Library\Think\Think.class.php 第 314 行.

[ 2017-02-05T20:52:41+08:00 ] ::1 /index.php/__HOME__/images/kexin.jpg
INFO: [ app_init ] --START--
INFO: Run Behavior\BuildLiteBehavior [ RunTime:0.000039s ]
INFO: [ app_init ] --END-- [ RunTime:0.000764s ]
ERR: 无法加载模块:__HOME__
NOTIC: [2] include(E:\web\ThinkPHP/Tpl/think_exception.tpl) [<a href='function.include'>function.include</a>]: failed to open stream: No such file or directory E:\web\ThinkPHP\Library\Think\Think.class.php 第 314 行.
NOTIC: [2] include() [<a href='function.include'>function.include</a>]: Failed opening 'E:\web\ThinkPHP/Tpl/think_exception.tpl' for inclusion (include_path='.;C:\php\pear') E:\web\ThinkPHP\Library\Think\Think.class.php 第 314 行.

[ 2017-02-05T20:52:41+08:00 ] ::1 /index.php/__HOME__/images/police.jpg
INFO: [ app_init ] --START--
INFO: Run Behavior\BuildLiteBehavior [ RunTime:0.000043s ]
INFO: [ app_init ] --END-- [ RunTime:0.000869s ]
ERR: 无法加载模块:__HOME__
NOTIC: [2] include(E:\web\ThinkPHP/Tpl/think_exception.tpl) [<a href='function.include'>function.include</a>]: failed to open stream: No such file or directory E:\web\ThinkPHP\Library\Think\Think.class.php 第 314 行.
NOTIC: [2] include() [<a href='function.include'>function.include</a>]: Failed opening 'E:\web\ThinkPHP/Tpl/think_exception.tpl' for inclusion (include_path='.;C:\php\pear') E:\web\ThinkPHP\Library\Think\Think.class.php 第 314 行.

[ 2017-02-05T20:52:41+08:00 ] ::1 /index.php/__HOME__/images/logo.png
INFO: [ app_init ] --START--
INFO: Run Behavior\BuildLiteBehavior [ RunTime:0.000035s ]
INFO: [ app_init ] --END-- [ RunTime:0.000737s ]
ERR: 无法加载模块:__HOME__
NOTIC: [2] include(E:\web\ThinkPHP/Tpl/think_exception.tpl) [<a href='function.include'>function.include</a>]: failed to open stream: No such file or directory E:\web\ThinkPHP\Library\Think\Think.class.php 第 314 行.
NOTIC: [2] include() [<a href='function.include'>function.include</a>]: Failed opening 'E:\web\ThinkPHP/Tpl/think_exception.tpl' for inclusion (include_path='.;C:\php\pear') E:\web\ThinkPHP\Library\Think\Think.class.php 第 314 行.

[ 2017-02-05T20:52:41+08:00 ] ::1 /index.php/__HOME__/images/beian.gif
INFO: [ app_init ] --START--
INFO: Run Behavior\BuildLiteBehavior [ RunTime:0.000038s ]
INFO: [ app_init ] --END-- [ RunTime:0.000808s ]
ERR: 无法加载模块:__HOME__
NOTIC: [2] include(E:\web\ThinkPHP/Tpl/think_exception.tpl) [<a href='function.include'>function.include</a>]: failed to open stream: No such file or directory E:\web\ThinkPHP\Library\Think\Think.class.php 第 314 行.
NOTIC: [2] include() [<a href='function.include'>function.include</a>]: Failed opening 'E:\web\ThinkPHP/Tpl/think_exception.tpl' for inclusion (include_path='.;C:\php\pear') E:\web\ThinkPHP\Library\Think\Think.class.php 第 314 行.

[ 2017-02-05T20:52:41+08:00 ] ::1 /index.php/__HOME__/images/view_list1.jpg
INFO: [ app_init ] --START--
INFO: Run Behavior\BuildLiteBehavior [ RunTime:0.000024s ]
INFO: [ app_init ] --END-- [ RunTime:0.000507s ]
ERR: 无法加载模块:__HOME__
NOTIC: [2] include(E:\web\ThinkPHP/Tpl/think_exception.tpl) [<a href='function.include'>function.include</a>]: failed to open stream: No such file or directory E:\web\ThinkPHP\Library\Think\Think.class.php 第 314 行.
NOTIC: [2] include() [<a href='function.include'>function.include</a>]: Failed opening 'E:\web\ThinkPHP/Tpl/think_exception.tpl' for inclusion (include_path='.;C:\php\pear') E:\web\ThinkPHP\Library\Think\Think.class.php 第 314 行.

[ 2017-02-05T22:47:26+08:00 ] 127.0.0.1 /index.php/index/index
INFO: [ app_init ] --START--
INFO: Run Behavior\BuildLiteBehavior [ RunTime:0.000022s ]
INFO: [ app_init ] --END-- [ RunTime:0.000518s ]
ERR: 无法加载模块:Index

